  Intow.cpp
C:\Users\klaus\source\repos\Intow\Intow\Intow.cpp(18,37): warning C4101: 'oor': unreferenced local variable
C:\Users\klaus\source\repos\Intow\Intow\Intow.cpp(82,35): warning C4018: '<': signed/unsigned mismatch
C:\Users\klaus\source\repos\Intow\Intow\Intow.cpp(87,32): warning C4018: '<': signed/unsigned mismatch
C:\Users\klaus\source\repos\Intow\Intow\Intow.cpp(133,27): warning C4018: '<': signed/unsigned mismatch
C:\Users\klaus\source\repos\Intow\Intow\Intow.cpp(138,52): warning C4244: 'argument': conversion from 'SHORT' to 'const _Ty', possible loss of data
          with
          [
              _Ty=unsigned char
          ]
C:\Users\klaus\source\repos\Intow\Intow\Intow.cpp(154,44): warning C4244: 'argument': conversion from 'SHORT' to 'const _Ty', possible loss of data
          with
          [
              _Ty=unsigned char
          ]
C:\Users\klaus\source\repos\Intow\Intow\Intow.cpp(275,23): warning C4018: '<': signed/unsigned mismatch
C:\Users\klaus\source\repos\Intow\Intow\Intow.cpp(302,23): warning C4018: '<': signed/unsigned mismatch
C:\Users\klaus\source\repos\Intow\Intow\Intow.cpp(309,39): warning C4018: '<': signed/unsigned mismatch
C:\Users\klaus\source\repos\Intow\Intow\Intow.cpp(324,39): warning C4018: '<': signed/unsigned mismatch
C:\Users\klaus\source\repos\Intow\Intow\Intow.cpp(346,39): warning C4018: '<': signed/unsigned mismatch
C:\Users\klaus\source\repos\Intow\Intow\Intow.cpp(361,37): warning C4018: '<': signed/unsigned mismatch
C:\Program Files (x86)\Microsoft Visual Studio\2019\Community\VC\Tools\MSVC\14.25.28610\include\xstring(2389,23): warning C4244: 'argument': conversion from 'wchar_t' to 'const _Elem', possible loss of data
          with
          [
              _Elem=char
          ]
C:\Program Files (x86)\Microsoft Visual Studio\2019\Community\VC\Tools\MSVC\14.25.28610\include\xstring(2400): message : see reference to function template instantiation 'void std::basic_string<char,std::char_traits<char>,std::allocator<char>>::_Construct<wchar_t*>(_Iter,const _Iter,std::input_iterator_tag)' being compiled
          with
          [
              _Iter=wchar_t *
          ]
C:\Program Files (x86)\Microsoft Visual Studio\2019\Community\VC\Tools\MSVC\14.25.28610\include\xstring(2400): message : see reference to function template instantiation 'void std::basic_string<char,std::char_traits<char>,std::allocator<char>>::_Construct<wchar_t*>(_Iter,const _Iter,std::input_iterator_tag)' being compiled
          with
          [
              _Iter=wchar_t *
          ]
C:\Program Files (x86)\Microsoft Visual Studio\2019\Community\VC\Tools\MSVC\14.25.28610\include\xstring(2380): message : see reference to function template instantiation 'void std::basic_string<char,std::char_traits<char>,std::allocator<char>>::_Construct<wchar_t*>(const _Iter,const _Iter,std::forward_iterator_tag)' being compiled
          with
          [
              _Iter=wchar_t *
          ]
C:\Program Files (x86)\Microsoft Visual Studio\2019\Community\VC\Tools\MSVC\14.25.28610\include\xstring(2380): message : see reference to function template instantiation 'void std::basic_string<char,std::char_traits<char>,std::allocator<char>>::_Construct<wchar_t*>(const _Iter,const _Iter,std::forward_iterator_tag)' being compiled
          with
          [
              _Iter=wchar_t *
          ]
C:\Users\klaus\source\repos\Intow\Intow\Intow.cpp(201): message : see reference to function template instantiation 'std::basic_string<char,std::char_traits<char>,std::allocator<char>>::basic_string<std::_String_iterator<std::_String_val<std::_Simple_types<_Elem>>>,0>(_Iter,_Iter,const _Alloc &)' being compiled
          with
          [
              _Elem=wchar_t,
              _Iter=std::_String_iterator<std::_String_val<std::_Simple_types<wchar_t>>>,
              _Alloc=std::allocator<char>
          ]
C:\Users\klaus\source\repos\Intow\Intow\Intow.cpp(201): message : see reference to function template instantiation 'std::basic_string<char,std::char_traits<char>,std::allocator<char>>::basic_string<std::_String_iterator<std::_String_val<std::_Simple_types<_Elem>>>,0>(_Iter,_Iter,const _Alloc &)' being compiled
          with
          [
              _Elem=wchar_t,
              _Iter=std::_String_iterator<std::_String_val<std::_Simple_types<wchar_t>>>,
              _Alloc=std::allocator<char>
          ]
  Intow.vcxproj -> C:\Users\klaus\source\repos\Intow\Debug\Intow.exe
